\BOOKMARK [0][-]{chapter.1}{Introduction}{}% 1
\BOOKMARK [1][-]{section.1.1}{Purpose}{chapter.1}% 2
\BOOKMARK [1][-]{section.1.2}{Project\040Scope}{chapter.1}% 3
\BOOKMARK [1][-]{section.1.3}{Acronyms,\040Abbreviations,\040and\040Definitions}{chapter.1}% 4
\BOOKMARK [1][-]{section.1.4}{Application\040Functionality}{chapter.1}% 5
\BOOKMARK [1][-]{section.1.5}{Operating\040Environment}{chapter.1}% 6
\BOOKMARK [1][-]{section.1.6}{Design\040and\040Implementation\040Constraints}{chapter.1}% 7
\BOOKMARK [1][-]{section.1.7}{User\040Characteristics}{chapter.1}% 8
\BOOKMARK [1][-]{section.1.8}{Assumptions\040and\040Dependencies}{chapter.1}% 9
\BOOKMARK [0][-]{chapter.2}{Requirements}{}% 10
\BOOKMARK [1][-]{section.2.1}{Functional\040Requirements}{chapter.2}% 11
\BOOKMARK [2][-]{subsection.2.1.1}{Total\040Call\040Numbers}{section.2.1}% 12
\BOOKMARK [2][-]{subsection.2.1.2}{Search\040by\040City\040Name}{section.2.1}% 13
\BOOKMARK [2][-]{subsection.2.1.3}{New\040Accounts}{section.2.1}% 14
\BOOKMARK [2][-]{subsection.2.1.4}{Location\040Changes}{section.2.1}% 15
\BOOKMARK [2][-]{subsection.2.1.5}{US\040Locations\040Only}{section.2.1}% 16
\BOOKMARK [2][-]{subsection.2.1.6}{Navigation\040via\040Tabs}{section.2.1}% 17
\BOOKMARK [2][-]{subsection.2.1.7}{Advance\040Weather\040Prediction}{section.2.1}% 18
\BOOKMARK [1][-]{section.2.2}{Preformance\040Requirements}{chapter.2}% 19
\BOOKMARK [1][-]{section.2.3}{Security\040Requirements}{chapter.2}% 20
\BOOKMARK [2][-]{subsection.2.3.1}{Password\040Hashing}{section.2.3}% 21
\BOOKMARK [1][-]{section.2.4}{Quality\040Requirements}{chapter.2}% 22
\BOOKMARK [2][-]{subsection.2.4.1}{Premium\040User\040Call\040Numbers}{section.2.4}% 23
\BOOKMARK [2][-]{subsection.2.4.2}{Free\040User\040Call\040Numbers}{section.2.4}% 24
\BOOKMARK [2][-]{subsection.2.4.3}{Graphic\040Depicting}{section.2.4}% 25
\BOOKMARK [2][-]{subsection.2.4.4}{Database\040Capacity}{section.2.4}% 26
\BOOKMARK [2][-]{subsection.2.4.5}{FAQ\040Page}{section.2.4}% 27
\BOOKMARK [2][-]{subsection.2.4.6}{Design\040Simplicity}{section.2.4}% 28
\BOOKMARK [2][-]{subsection.2.4.7}{Paid\040Membership\040Limitations}{section.2.4}% 29
\BOOKMARK [1][-]{section.2.5}{External\040Interface\040Requirements}{chapter.2}% 30
\BOOKMARK [2][-]{subsection.2.5.1}{Hardware\040and\040Software\040Compatibility}{section.2.5}% 31
